0 info it worked if it ends with ok
1 verbose cli [ 'C:\\Program Files\\nodejs\\node.exe',
1 verbose cli   'C:\\Program Files\\nodejs\\node_modules\\npm\\bin\\npm-cli.js',
1 verbose cli   'install',
1 verbose cli   'mysql' ]
2 info using npm@3.8.9
3 info using node@v6.2.0
4 silly loadCurrentTree Starting
5 silly install loadCurrentTree
6 silly install readLocalPackageData
7 silly fetchPackageMetaData mysql
8 silly fetchNamedPackageData mysql
9 silly mapToRegistry name mysql
10 silly mapToRegistry using default registry
11 silly mapToRegistry registry https://registry.npmjs.org/
12 silly mapToRegistry data Result {
12 silly mapToRegistry   raw: 'mysql',
12 silly mapToRegistry   scope: null,
12 silly mapToRegistry   name: 'mysql',
12 silly mapToRegistry   rawSpec: '',
12 silly mapToRegistry   spec: 'latest',
12 silly mapToRegistry   type: 'tag' }
13 silly mapToRegistry uri https://registry.npmjs.org/mysql
14 verbose request uri https://registry.npmjs.org/mysql
15 verbose request no auth needed
16 info attempt registry request try #1 at 15:29:53
17 verbose request id 44b1796fbe4d5e83
18 verbose etag W/"59497a7e-22070"
19 verbose lastModified Tue, 20 Jun 2017 19:41:50 GMT
20 http request GET https://registry.npmjs.org/mysql
21 http 200 https://registry.npmjs.org/mysql
22 verbose headers { server: 'nginx/1.10.3',
22 verbose headers   'content-type': 'application/json',
22 verbose headers   'last-modified': 'Thu, 21 Sep 2017 07:13:53 GMT',
22 verbose headers   etag: 'W/"59c366b1-2348f"',
22 verbose headers   'content-encoding': 'gzip',
22 verbose headers   'cache-control': 'max-age=300',
22 verbose headers   'content-length': '27644',
22 verbose headers   'accept-ranges': 'bytes',
22 verbose headers   date: 'Sat, 23 Sep 2017 07:32:42 GMT',
22 verbose headers   via: '1.1 varnish',
22 verbose headers   age: '0',
22 verbose headers   connection: 'keep-alive',
22 verbose headers   'x-served-by': 'cache-nrt6122-NRT',
22 verbose headers   'x-cache': 'HIT',
22 verbose headers   'x-cache-hits': '1',
22 verbose headers   'x-timer': 'S1506151961.480836,VS0,VE582',
22 verbose headers   vary: 'Accept-Encoding, Accept' }
23 silly get cb [ 200,
23 silly get   { server: 'nginx/1.10.3',
23 silly get     'content-type': 'application/json',
23 silly get     'last-modified': 'Thu, 21 Sep 2017 07:13:53 GMT',
23 silly get     etag: 'W/"59c366b1-2348f"',
23 silly get     'content-encoding': 'gzip',
23 silly get     'cache-control': 'max-age=300',
23 silly get     'content-length': '27644',
23 silly get     'accept-ranges': 'bytes',
23 silly get     date: 'Sat, 23 Sep 2017 07:32:42 GMT',
23 silly get     via: '1.1 varnish',
23 silly get     age: '0',
23 silly get     connection: 'keep-alive',
23 silly get     'x-served-by': 'cache-nrt6122-NRT',
23 silly get     'x-cache': 'HIT',
23 silly get     'x-cache-hits': '1',
23 silly get     'x-timer': 'S1506151961.480836,VS0,VE582',
23 silly get     vary: 'Accept-Encoding, Accept' } ]
24 verbose get saving mysql to C:\Users\Administrator\AppData\Roaming\npm-cache\registry.npmjs.org\mysql\.cache.json
25 verbose correctMkdir C:\Users\Administrator\AppData\Roaming\npm-cache correctMkdir not in flight; initializing
26 silly install normalizeTree
27 silly loadCurrentTree Finishing
28 silly loadIdealTree Starting
29 silly install loadIdealTree
30 silly cloneCurrentTree Starting
31 silly install cloneCurrentTreeToIdealTree
32 silly cloneCurrentTree Finishing
33 silly loadShrinkwrap Starting
34 silly install loadShrinkwrap
35 silly loadShrinkwrap Finishing
36 silly loadAllDepsIntoIdealTree Starting
37 silly install loadAllDepsIntoIdealTree
38 silly resolveWithNewModule mysql@2.14.1 checking installable status
39 silly cache add args [ 'mysql', null ]
40 verbose cache add spec mysql
41 silly cache add parsed spec Result {
41 silly cache add   raw: 'mysql',
41 silly cache add   scope: null,
41 silly cache add   name: 'mysql',
41 silly cache add   rawSpec: '',
41 silly cache add   spec: 'latest',
41 silly cache add   type: 'tag' }
42 silly addNamed mysql@latest
43 verbose addNamed "latest" is being treated as a dist-tag for mysql
44 info addNameTag [ 'mysql', 'latest' ]
45 silly mapToRegistry name mysql
46 silly mapToRegistry using default registry
47 silly mapToRegistry registry https://registry.npmjs.org/
48 silly mapToRegistry data Result {
48 silly mapToRegistry   raw: 'mysql',
48 silly mapToRegistry   scope: null,
48 silly mapToRegistry   name: 'mysql',
48 silly mapToRegistry   rawSpec: '',
48 silly mapToRegistry   spec: 'latest',
48 silly mapToRegistry   type: 'tag' }
49 silly mapToRegistry uri https://registry.npmjs.org/mysql
50 verbose addNameTag registry:https://registry.npmjs.org/mysql not in flight; fetching
51 verbose get https://registry.npmjs.org/mysql not expired, no request
52 silly addNameTag next cb for mysql with tag latest
53 silly addNamed mysql@2.14.1
54 verbose addNamed "2.14.1" is a plain semver version for mysql
55 silly mapToRegistry name mysql
56 silly mapToRegistry using default registry
57 silly mapToRegistry registry https://registry.npmjs.org/
58 silly mapToRegistry data Result {
58 silly mapToRegistry   raw: 'mysql',
58 silly mapToRegistry   scope: null,
58 silly mapToRegistry   name: 'mysql',
58 silly mapToRegistry   rawSpec: '',
58 silly mapToRegistry   spec: 'latest',
58 silly mapToRegistry   type: 'tag' }
59 silly mapToRegistry uri https://registry.npmjs.org/mysql
60 verbose addRemoteTarball https://registry.npmjs.org/mysql/-/mysql-2.14.1.tgz not in flight; adding
61 verbose addRemoteTarball [ 'https://registry.npmjs.org/mysql/-/mysql-2.14.1.tgz',
61 verbose addRemoteTarball   'e9324015e810a50abda94855cab41edfad56284a' ]
62 info retry fetch attempt 1 at 15:30:38
63 info attempt registry request try #1 at 15:30:38
64 http fetch GET https://registry.npmjs.org/mysql/-/mysql-2.14.1.tgz
65 http fetch 200 https://registry.npmjs.org/mysql/-/mysql-2.14.1.tgz
66 info retry will retry, error on last attempt: Error: read ECONNRESET
67 info retry will retry, error on last attempt: Error: read ECONNRESET
68 silly fetchAndShaCheck shasum e9324015e810a50abda94855cab41edfad56284a
69 silly rollbackFailedOptional Starting
70 silly rollbackFailedOptional Finishing
71 silly runTopLevelLifecycles Starting
72 silly runTopLevelLifecycles Finishing
73 silly install printInstalled
74 verbose stack Error: shasum check failed for C:\Users\ADMINI~1\AppData\Local\Temp\npm-7944-1a428066\registry.npmjs.org\mysql\-\mysql-2.14.1.tgz
74 verbose stack Expected: e9324015e810a50abda94855cab41edfad56284a
74 verbose stack Actual:   6c4df68c7c8c0e9d717e2455fd284bcf20004a0c
74 verbose stack From:     https://registry.npmjs.org/mysql/-/mysql-2.14.1.tgz
74 verbose stack     at C:\Program Files\nodejs\node_modules\npm\node_modules\sha\index.js:25:8
74 verbose stack     at ReadStream.<anonymous> (C:\Program Files\nodejs\node_modules\npm\node_modules\sha\index.js:72:7)
74 verbose stack     at emitNone (events.js:91:20)
74 verbose stack     at ReadStream.emit (events.js:185:7)
74 verbose stack     at endReadableNT (_stream_readable.js:926:12)
74 verbose stack     at _combinedTickCallback (internal/process/next_tick.js:74:11)
74 verbose stack     at process._tickCallback (internal/process/next_tick.js:98:9)
75 verbose cwd E:\php\xampp\htdocs\nodejs\base
76 error Windows_NT 6.1.7601
77 error argv "C:\\Program Files\\nodejs\\node.exe" "C:\\Program Files\\nodejs\\node_modules\\npm\\bin\\npm-cli.js" "install" "mysql"
78 error node v6.2.0
79 error npm  v3.8.9
80 error shasum check failed for C:\Users\ADMINI~1\AppData\Local\Temp\npm-7944-1a428066\registry.npmjs.org\mysql\-\mysql-2.14.1.tgz
80 error Expected: e9324015e810a50abda94855cab41edfad56284a
80 error Actual:   6c4df68c7c8c0e9d717e2455fd284bcf20004a0c
80 error From:     https://registry.npmjs.org/mysql/-/mysql-2.14.1.tgz
81 error If you need help, you may report this error at:
81 error     <https://github.com/npm/npm/issues>
82 verbose exit [ 1, true ]
